[debug] [2023-04-25T08:51:48.491Z] ----------------------------------------------------------------------
[debug] [2023-04-25T08:51:48.492Z] Command:       /usr/local/bin/node /opt/homebrew/bin/firebase deploy
[debug] [2023-04-25T08:51:48.493Z] CLI Version:   11.4.0
[debug] [2023-04-25T08:51:48.493Z] Platform:      darwin
[debug] [2023-04-25T08:51:48.493Z] Node Version:  v16.15.1
[debug] [2023-04-25T08:51:48.493Z] Time:          Tue Apr 25 2023 10:51:48 GMT+0200 (South Africa Standard Time)
[debug] [2023-04-25T08:51:48.493Z] ----------------------------------------------------------------------
[debug] 
[debug] [2023-04-25T08:51:48.520Z] > command requires scopes: ["email","openid","https://www.googleapis.com/auth/cloudplatformprojects.readonly","https://www.googleapis.com/auth/firebase","https://www.googleapis.com/auth/cloud-platform"]
[debug] [2023-04-25T08:51:48.520Z] > authorizing via signed-in user (davimuneeb785@gmail.com)
[debug] [2023-04-25T08:51:48.520Z] [iam] checking project circledop for permissions ["firebase.projects.get","firebasehosting.sites.update"]
[debug] [2023-04-25T08:51:48.521Z] >>> [apiv2][query] POST https://cloudresourcemanager.googleapis.com/v1/projects/circledop:testIamPermissions [none]
[debug] [2023-04-25T08:51:48.521Z] >>> [apiv2][(partial)header] POST https://cloudresourcemanager.googleapis.com/v1/projects/circledop:testIamPermissions x-goog-quota-user=projects/circledop
[debug] [2023-04-25T08:51:48.521Z] >>> [apiv2][body] POST https://cloudresourcemanager.googleapis.com/v1/projects/circledop:testIamPermissions {"permissions":["firebase.projects.get","firebasehosting.sites.update"]}
[debug] [2023-04-25T08:51:50.328Z] <<< [apiv2][status] POST https://cloudresourcemanager.googleapis.com/v1/projects/circledop:testIamPermissions 200
[debug] [2023-04-25T08:51:50.328Z] <<< [apiv2][body] POST https://cloudresourcemanager.googleapis.com/v1/projects/circledop:testIamPermissions {"permissions":["firebase.projects.get","firebasehosting.sites.update"]}
[debug] [2023-04-25T08:51:50.330Z] >>> [apiv2][query] GET https://firebase.googleapis.com/v1beta1/projects/circledop [none]
[debug] [2023-04-25T08:51:51.025Z] <<< [apiv2][status] GET https://firebase.googleapis.com/v1beta1/projects/circledop 200
[debug] [2023-04-25T08:51:51.025Z] <<< [apiv2][body] GET https://firebase.googleapis.com/v1beta1/projects/circledop {"projectId":"circledop","projectNumber":"625264165607","displayName":"circledop","name":"projects/circledop","resources":{"hostingSite":"circledop","storageBucket":"circledop.appspot.com","locationId":"us-central"},"state":"ACTIVE","etag":"1_ec872c03-f4c1-4718-b4d7-9420a28b1952"}
[info] 
[info] === Deploying to 'circledop'...
[info] 
[info] i  deploying hosting 
[debug] [2023-04-25T08:51:51.027Z] >>> [apiv2][query] GET https://firebase.googleapis.com/v1beta1/projects/circledop [none]
[debug] [2023-04-25T08:51:51.721Z] <<< [apiv2][status] GET https://firebase.googleapis.com/v1beta1/projects/circledop 200
[debug] [2023-04-25T08:51:51.721Z] <<< [apiv2][body] GET https://firebase.googleapis.com/v1beta1/projects/circledop {"projectId":"circledop","projectNumber":"625264165607","displayName":"circledop","name":"projects/circledop","resources":{"hostingSite":"circledop","storageBucket":"circledop.appspot.com","locationId":"us-central"},"state":"ACTIVE","etag":"1_ec872c03-f4c1-4718-b4d7-9420a28b1952"}
[debug] [2023-04-25T08:51:51.722Z] >>> [apiv2][query] POST https://firebasehosting.googleapis.com/v1beta1/projects/625264165607/sites/circledop/versions [none]
[debug] [2023-04-25T08:51:51.722Z] >>> [apiv2][body] POST https://firebasehosting.googleapis.com/v1beta1/projects/625264165607/sites/circledop/versions {"config":{"rewrites":[{"glob":"**","path":"/index.html"}]},"labels":{"deployment-tool":"cli-firebase"}}
[debug] [2023-04-25T08:51:54.006Z] <<< [apiv2][status] POST https://firebasehosting.googleapis.com/v1beta1/projects/625264165607/sites/circledop/versions 200
[debug] [2023-04-25T08:51:54.006Z] <<< [apiv2][body] POST https://firebasehosting.googleapis.com/v1beta1/projects/625264165607/sites/circledop/versions {"name":"projects/625264165607/sites/circledop/versions/95be98cedbb7f5a4","status":"CREATED","config":{"rewrites":[{"glob":"**","path":"/index.html"}]},"labels":{"deployment-tool":"cli-firebase"}}
[info] i  hosting[circledop]: beginning deploy... 
[info] i  hosting[circledop]: found 12 files in build 
[debug] [2023-04-25T08:51:54.017Z] [hosting] uploading with 200 concurrency
[debug] [2023-04-25T08:51:54.382Z] [hosting] hash cache [YnVpbGQ] stored for 12 files
[debug] [2023-04-25T08:51:54.382Z] [hosting][hash queue][FINAL] {"max":359,"min":7,"avg":40,"active":0,"complete":12,"success":12,"errored":0,"retried":0,"total":12,"elapsed":363}
[debug] [2023-04-25T08:51:54.382Z] >>> [apiv2][query] POST https://firebasehosting.googleapis.com/v1beta1/projects/625264165607/sites/circledop/versions/95be98cedbb7f5a4:populateFiles [none]
[debug] [2023-04-25T08:51:54.382Z] >>> [apiv2][body] POST https://firebasehosting.googleapis.com/v1beta1/projects/625264165607/sites/circledop/versions/95be98cedbb7f5a4:populateFiles {"files":{"/asset-manifest.json":"16f2a34205d5e3b7067e0aadccbaa11146b0ebbb10a4968cc9e28acf45964fc8","/logo192.png":"caff018b7f1e8fd481eb1c50d75b0ef236bcd5078b1d15c8bb348453fee30293","/manifest.json":"341d52628782f8ac9290bbfc43298afccb47b7cbfcee146ae30cf0f46bc30900","/robots.txt":"391d14b3c2f8c9143a27a28c7399585142228d4d1bdbe2c87ac946de411fa9a2","/logo512.png":"191fc21360b4ccfb1cda11a1efb97f489ed22672ca83f4064316802bbfdd750e","/favicon.ico":"b72f7455f00e4e58792d2bca892abb068e2213838c0316d6b7a0d6d16acd1955","/static/js/main.49d2bcb0.js.LICENSE.txt":"9c151a3b99bcbae835e3e0adcff84c52c037285828bc63c702e19c96df68b15e","/static/css/main.f8e5fe1c.css.map":"831683bd663baaf433b95c0981e0cf2ef6bbf1fd84558a7eaf5225cb2f182bc7","/static/css/main.f8e5fe1c.css":"9473cbe65ec9b41b80f0ce4495f555a913227e294efac1e5732335350a673bbe","/index.html":"59ddcbbbed18c222979ccdd8a6336dee2c9a8c4dd2cacfa461f63a3c19eff98a","/static/js/main.49d2bcb0.js":"6cf8e5a8ff97eed5b06787ad9d47528b98ee91974d244f05418106f844913bfa","/static/js/main.49d2bcb0.js.map":"be8a2127e373e90b12be5fd03bf0c558fe98909c68a11514d108e9e548ca1182"}}
[debug] [2023-04-25T08:51:56.545Z] <<< [apiv2][status] POST https://firebasehosting.googleapis.com/v1beta1/projects/625264165607/sites/circledop/versions/95be98cedbb7f5a4:populateFiles 200
[debug] [2023-04-25T08:51:56.545Z] <<< [apiv2][body] POST https://firebasehosting.googleapis.com/v1beta1/projects/625264165607/sites/circledop/versions/95be98cedbb7f5a4:populateFiles {"uploadRequiredHashes":["831683bd663baaf433b95c0981e0cf2ef6bbf1fd84558a7eaf5225cb2f182bc7","9473cbe65ec9b41b80f0ce4495f555a913227e294efac1e5732335350a673bbe","59ddcbbbed18c222979ccdd8a6336dee2c9a8c4dd2cacfa461f63a3c19eff98a","be8a2127e373e90b12be5fd03bf0c558fe98909c68a11514d108e9e548ca1182","6cf8e5a8ff97eed5b06787ad9d47528b98ee91974d244f05418106f844913bfa","16f2a34205d5e3b7067e0aadccbaa11146b0ebbb10a4968cc9e28acf45964fc8"],"uploadUrl":"https://upload-firebasehosting.googleapis.com/upload/sites/circledop/versions/95be98cedbb7f5a4/files"}
[debug] [2023-04-25T08:51:56.548Z] >>> [apiv2][query] POST https://upload-firebasehosting.googleapis.com/upload/sites/circledop/versions/95be98cedbb7f5a4/files/831683bd663baaf433b95c0981e0cf2ef6bbf1fd84558a7eaf5225cb2f182bc7 [none]
[debug] [2023-04-25T08:51:56.548Z] >>> [apiv2][body] POST https://upload-firebasehosting.googleapis.com/upload/sites/circledop/versions/95be98cedbb7f5a4/files/831683bd663baaf433b95c0981e0cf2ef6bbf1fd84558a7eaf5225cb2f182bc7 [stream]
[debug] [2023-04-25T08:51:56.549Z] >>> [apiv2][query] POST https://upload-firebasehosting.googleapis.com/upload/sites/circledop/versions/95be98cedbb7f5a4/files/9473cbe65ec9b41b80f0ce4495f555a913227e294efac1e5732335350a673bbe [none]
[debug] [2023-04-25T08:51:56.549Z] >>> [apiv2][body] POST https://upload-firebasehosting.googleapis.com/upload/sites/circledop/versions/95be98cedbb7f5a4/files/9473cbe65ec9b41b80f0ce4495f555a913227e294efac1e5732335350a673bbe [stream]
[debug] [2023-04-25T08:51:56.550Z] >>> [apiv2][query] POST https://upload-firebasehosting.googleapis.com/upload/sites/circledop/versions/95be98cedbb7f5a4/files/59ddcbbbed18c222979ccdd8a6336dee2c9a8c4dd2cacfa461f63a3c19eff98a [none]
[debug] [2023-04-25T08:51:56.550Z] >>> [apiv2][body] POST https://upload-firebasehosting.googleapis.com/upload/sites/circledop/versions/95be98cedbb7f5a4/files/59ddcbbbed18c222979ccdd8a6336dee2c9a8c4dd2cacfa461f63a3c19eff98a [stream]
[debug] [2023-04-25T08:51:56.551Z] >>> [apiv2][query] POST https://upload-firebasehosting.googleapis.com/upload/sites/circledop/versions/95be98cedbb7f5a4/files/be8a2127e373e90b12be5fd03bf0c558fe98909c68a11514d108e9e548ca1182 [none]
[debug] [2023-04-25T08:51:56.551Z] >>> [apiv2][body] POST https://upload-firebasehosting.googleapis.com/upload/sites/circledop/versions/95be98cedbb7f5a4/files/be8a2127e373e90b12be5fd03bf0c558fe98909c68a11514d108e9e548ca1182 [stream]
[debug] [2023-04-25T08:51:56.552Z] >>> [apiv2][query] POST https://upload-firebasehosting.googleapis.com/upload/sites/circledop/versions/95be98cedbb7f5a4/files/6cf8e5a8ff97eed5b06787ad9d47528b98ee91974d244f05418106f844913bfa [none]
[debug] [2023-04-25T08:51:56.552Z] >>> [apiv2][body] POST https://upload-firebasehosting.googleapis.com/upload/sites/circledop/versions/95be98cedbb7f5a4/files/6cf8e5a8ff97eed5b06787ad9d47528b98ee91974d244f05418106f844913bfa [stream]
[debug] [2023-04-25T08:51:56.553Z] >>> [apiv2][query] POST https://upload-firebasehosting.googleapis.com/upload/sites/circledop/versions/95be98cedbb7f5a4/files/16f2a34205d5e3b7067e0aadccbaa11146b0ebbb10a4968cc9e28acf45964fc8 [none]
[debug] [2023-04-25T08:51:56.554Z] >>> [apiv2][body] POST https://upload-firebasehosting.googleapis.com/upload/sites/circledop/versions/95be98cedbb7f5a4/files/16f2a34205d5e3b7067e0aadccbaa11146b0ebbb10a4968cc9e28acf45964fc8 [stream]
[debug] [2023-04-25T08:51:56.555Z] [hosting][populate queue][FINAL] {"max":2166,"min":2166,"avg":2166,"active":0,"complete":1,"success":1,"errored":0,"retried":0,"total":1,"elapsed":2174}
[debug] [2023-04-25T08:51:56.555Z] [hosting] uploads queued: 6
[debug] [2023-04-25T08:51:57.840Z] <<< [apiv2][status] POST https://upload-firebasehosting.googleapis.com/upload/sites/circledop/versions/95be98cedbb7f5a4/files/831683bd663baaf433b95c0981e0cf2ef6bbf1fd84558a7eaf5225cb2f182bc7 200
[debug] [2023-04-25T08:51:57.840Z] <<< [apiv2][body] POST https://upload-firebasehosting.googleapis.com/upload/sites/circledop/versions/95be98cedbb7f5a4/files/831683bd663baaf433b95c0981e0cf2ef6bbf1fd84558a7eaf5225cb2f182bc7 [stream]
[debug] [2023-04-25T08:51:57.845Z] <<< [apiv2][status] POST https://upload-firebasehosting.googleapis.com/upload/sites/circledop/versions/95be98cedbb7f5a4/files/9473cbe65ec9b41b80f0ce4495f555a913227e294efac1e5732335350a673bbe 200
[debug] [2023-04-25T08:51:57.845Z] <<< [apiv2][body] POST https://upload-firebasehosting.googleapis.com/upload/sites/circledop/versions/95be98cedbb7f5a4/files/9473cbe65ec9b41b80f0ce4495f555a913227e294efac1e5732335350a673bbe [stream]
[debug] [2023-04-25T08:51:58.367Z] <<< [apiv2][status] POST https://upload-firebasehosting.googleapis.com/upload/sites/circledop/versions/95be98cedbb7f5a4/files/16f2a34205d5e3b7067e0aadccbaa11146b0ebbb10a4968cc9e28acf45964fc8 200
[debug] [2023-04-25T08:51:58.367Z] <<< [apiv2][body] POST https://upload-firebasehosting.googleapis.com/upload/sites/circledop/versions/95be98cedbb7f5a4/files/16f2a34205d5e3b7067e0aadccbaa11146b0ebbb10a4968cc9e28acf45964fc8 [stream]
[debug] [2023-04-25T08:51:58.642Z] <<< [apiv2][status] POST https://upload-firebasehosting.googleapis.com/upload/sites/circledop/versions/95be98cedbb7f5a4/files/59ddcbbbed18c222979ccdd8a6336dee2c9a8c4dd2cacfa461f63a3c19eff98a 200
[debug] [2023-04-25T08:51:58.642Z] <<< [apiv2][body] POST https://upload-firebasehosting.googleapis.com/upload/sites/circledop/versions/95be98cedbb7f5a4/files/59ddcbbbed18c222979ccdd8a6336dee2c9a8c4dd2cacfa461f63a3c19eff98a [stream]
[debug] [2023-04-25T08:51:58.643Z] <<< [apiv2][status] POST https://upload-firebasehosting.googleapis.com/upload/sites/circledop/versions/95be98cedbb7f5a4/files/6cf8e5a8ff97eed5b06787ad9d47528b98ee91974d244f05418106f844913bfa 200
[debug] [2023-04-25T08:51:58.643Z] <<< [apiv2][body] POST https://upload-firebasehosting.googleapis.com/upload/sites/circledop/versions/95be98cedbb7f5a4/files/6cf8e5a8ff97eed5b06787ad9d47528b98ee91974d244f05418106f844913bfa [stream]
[debug] [2023-04-25T08:51:59.173Z] <<< [apiv2][status] POST https://upload-firebasehosting.googleapis.com/upload/sites/circledop/versions/95be98cedbb7f5a4/files/be8a2127e373e90b12be5fd03bf0c558fe98909c68a11514d108e9e548ca1182 200
[debug] [2023-04-25T08:51:59.176Z] <<< [apiv2][body] POST https://upload-firebasehosting.googleapis.com/upload/sites/circledop/versions/95be98cedbb7f5a4/files/be8a2127e373e90b12be5fd03bf0c558fe98909c68a11514d108e9e548ca1182 [stream]
[debug] [2023-04-25T08:51:59.176Z] [hosting][upload queue][FINAL] {"max":2629,"min":1295,"avg":1873,"active":0,"complete":6,"success":6,"errored":0,"retried":0,"total":6,"elapsed":2631}
[info] ✔  hosting[circledop]: file upload complete 
[debug] [2023-04-25T08:51:59.177Z] [hosting] deploy completed after 5170ms
[debug] [2023-04-25T08:51:59.183Z] [
  {
    "config": {
      "public": "build",
      "ignore": [
        "firebase.json",
        "**/.*",
        "**/node_modules/**"
      ],
      "rewrites": [
        {
          "source": "**",
          "destination": "/index.html"
        }
      ],
      "site": "circledop"
    },
    "site": "circledop",
    "version": "projects/625264165607/sites/circledop/versions/95be98cedbb7f5a4"
  }
]
[info] i  hosting[circledop]: finalizing version... 
[debug] [2023-04-25T08:51:59.184Z] >>> [apiv2][query] PATCH https://firebasehosting.googleapis.com/v1beta1/projects/625264165607/sites/circledop/versions/95be98cedbb7f5a4 updateMask=status%2Cconfig
[debug] [2023-04-25T08:51:59.184Z] >>> [apiv2][body] PATCH https://firebasehosting.googleapis.com/v1beta1/projects/625264165607/sites/circledop/versions/95be98cedbb7f5a4 {"status":"FINALIZED","config":{"rewrites":[{"glob":"**","path":"/index.html"}]}}
[debug] [2023-04-25T08:52:01.157Z] <<< [apiv2][status] PATCH https://firebasehosting.googleapis.com/v1beta1/projects/625264165607/sites/circledop/versions/95be98cedbb7f5a4 200
[debug] [2023-04-25T08:52:01.157Z] <<< [apiv2][body] PATCH https://firebasehosting.googleapis.com/v1beta1/projects/625264165607/sites/circledop/versions/95be98cedbb7f5a4 {"name":"projects/625264165607/sites/circledop/versions/95be98cedbb7f5a4","status":"FINALIZED","config":{"rewrites":[{"glob":"**","path":"/index.html"}]},"labels":{"deployment-tool":"cli-firebase"},"createTime":"2023-04-25T08:51:53.872218Z","createUser":{"email":"davimuneeb785@gmail.com"},"finalizeTime":"2023-04-25T08:52:01.222117Z","finalizeUser":{"email":"davimuneeb785@gmail.com"}}
[debug] [2023-04-25T08:52:01.157Z] [hosting] finalized version for circledop:[object Object]
[info] ✔  hosting[circledop]: version finalized 
[info] i  hosting[circledop]: releasing new version... 
[debug] [2023-04-25T08:52:01.158Z] >>> [apiv2][query] POST https://firebasehosting.googleapis.com/v1beta1/projects/625264165607/sites/circledop/releases versionName=projects%2F625264165607%2Fsites%2Fcircledop%2Fversions%2F95be98cedbb7f5a4
[debug] [2023-04-25T08:52:01.158Z] >>> [apiv2][body] POST https://firebasehosting.googleapis.com/v1beta1/projects/625264165607/sites/circledop/releases {"message":null}
[debug] [2023-04-25T08:52:03.115Z] <<< [apiv2][status] POST https://firebasehosting.googleapis.com/v1beta1/projects/625264165607/sites/circledop/releases 200
[debug] [2023-04-25T08:52:03.116Z] <<< [apiv2][body] POST https://firebasehosting.googleapis.com/v1beta1/projects/625264165607/sites/circledop/releases {"name":"projects/625264165607/sites/circledop/releases/1682412722680000","version":{"name":"projects/625264165607/sites/circledop/versions/95be98cedbb7f5a4","status":"FINALIZED","config":{"rewrites":[{"glob":"**","path":"/index.html"}]},"labels":{"deployment-tool":"cli-firebase"},"createTime":"2023-04-25T08:51:53.872218Z","createUser":{"email":"davimuneeb785@gmail.com","imageUrl":"https://lh3.googleusercontent.com/a/AGNmyxZUG3WcimBPfx8KXUygsC7hSWUWHbHk9sAqT709pA"},"finalizeTime":"2023-04-25T08:52:01.222117Z","finalizeUser":{"email":"davimuneeb785@gmail.com","imageUrl":"https://lh3.googleusercontent.com/a/AGNmyxZUG3WcimBPfx8KXUygsC7hSWUWHbHk9sAqT709pA"}},"type":"DEPLOY","releaseTime":"2023-04-25T08:52:02.680Z","releaseUser":{"email":"davimuneeb785@gmail.com","imageUrl":"https://lh3.googleusercontent.com/a/AGNmyxZUG3WcimBPfx8KXUygsC7hSWUWHbHk9sAqT709pA"}}
[debug] [2023-04-25T08:52:03.116Z] [hosting] release: {"name":"projects/625264165607/sites/circledop/releases/1682412722680000","version":{"name":"projects/625264165607/sites/circledop/versions/95be98cedbb7f5a4","status":"FINALIZED","config":{"rewrites":[{"glob":"**","path":"/index.html"}]},"labels":{"deployment-tool":"cli-firebase"},"createTime":"2023-04-25T08:51:53.872218Z","createUser":{"email":"davimuneeb785@gmail.com","imageUrl":"https://lh3.googleusercontent.com/a/AGNmyxZUG3WcimBPfx8KXUygsC7hSWUWHbHk9sAqT709pA"},"finalizeTime":"2023-04-25T08:52:01.222117Z","finalizeUser":{"email":"davimuneeb785@gmail.com","imageUrl":"https://lh3.googleusercontent.com/a/AGNmyxZUG3WcimBPfx8KXUygsC7hSWUWHbHk9sAqT709pA"}},"type":"DEPLOY","releaseTime":"2023-04-25T08:52:02.680Z","releaseUser":{"email":"davimuneeb785@gmail.com","imageUrl":"https://lh3.googleusercontent.com/a/AGNmyxZUG3WcimBPfx8KXUygsC7hSWUWHbHk9sAqT709pA"}}
[info] ✔  hosting[circledop]: release complete 
[info] 
[info] ✔  Deploy complete! 
[info] 
[info] Project Console: https://console.firebase.google.com/project/circledop/overview
[info] Hosting URL: https://circledop.web.app
